2022-12-09T01:00:01.725Z: Ci::StuckBuilds::DropPendingService: Cleaning pending timed-out builds
2022-12-09T01:00:01.763Z: Refreshing trending projects
2022-12-09T01:20:05.921Z: Ci::StuckBuilds::DropRunningService: Cleaning running, timed-out builds
2022-12-09T01:40:07.888Z: Ci::StuckBuilds::DropScheduledService: Cleaning scheduled, timed-out builds
2022-12-09T02:00:12.121Z: Ci::StuckBuilds::DropPendingService: Cleaning pending timed-out builds
2022-12-09T02:20:15.841Z: Ci::StuckBuilds::DropRunningService: Cleaning running, timed-out builds
2022-12-09T02:32:36.122Z: ActiveRecord connection established
2022-12-09T02:33:35.843Z: ActiveRecord connection established
2022-12-09T02:40:13.579Z: Ci::StuckBuilds::DropScheduledService: Cleaning scheduled, timed-out builds
2022-12-09T03:00:03.726Z: Ci::StuckBuilds::DropPendingService: Cleaning pending timed-out builds
2022-12-09T03:20:08.115Z: Ci::StuckBuilds::DropRunningService: Cleaning running, timed-out builds
2022-12-09T03:40:05.439Z: Ci::StuckBuilds::DropScheduledService: Cleaning scheduled, timed-out builds
2022-12-09T04:00:20.659Z: Ci::StuckBuilds::DropPendingService: Cleaning pending timed-out builds
2022-12-09T04:20:24.807Z: Ci::StuckBuilds::DropRunningService: Cleaning running, timed-out builds
2022-12-09T04:40:25.434Z: Ci::StuckBuilds::DropScheduledService: Cleaning scheduled, timed-out builds
2022-12-09T05:00:25.185Z: Ci::StuckBuilds::DropPendingService: Cleaning pending timed-out builds
2022-12-09T05:20:25.354Z: Ci::StuckBuilds::DropRunningService: Cleaning running, timed-out builds
2022-12-09T05:40:28.581Z: Ci::StuckBuilds::DropScheduledService: Cleaning scheduled, timed-out builds
2022-12-09T06:00:32.237Z: Ci::StuckBuilds::DropPendingService: Cleaning pending timed-out builds
2022-12-09T06:20:33.004Z: Ci::StuckBuilds::DropRunningService: Cleaning running, timed-out builds
2022-12-09T06:21:15.276Z: {:message=>"Syncing dynamic postgres partitions"}
2022-12-09T06:21:15.277Z: {:message=>"Switched database connection", :connection_name=>"main"}
2022-12-09T06:21:15.280Z: {:message=>"Checking state of dynamic postgres partitions", :table_name=>"audit_events"}
2022-12-09T06:21:15.421Z: {:message=>"Switched database connection", :connection_name=>"main"}
2022-12-09T06:21:15.425Z: {:message=>"Checking state of dynamic postgres partitions", :table_name=>"web_hook_logs"}
2022-12-09T06:21:15.466Z: {:message=>"Switched database connection", :connection_name=>"main"}
2022-12-09T06:21:15.468Z: {:message=>"Checking state of dynamic postgres partitions", :table_name=>"loose_foreign_keys_deleted_records"}
2022-12-09T06:21:15.482Z: {:message=>"Switched database connection", :connection_name=>"main"}
2022-12-09T06:21:15.482Z: {:message=>"Checking state of dynamic postgres partitions", :table_name=>"incident_management_pending_alert_escalations"}
2022-12-09T06:21:15.492Z: {:message=>"Switched database connection", :connection_name=>"main"}
2022-12-09T06:21:15.493Z: {:message=>"Checking state of dynamic postgres partitions", :table_name=>"incident_management_pending_issue_escalations"}
2022-12-09T06:21:15.504Z: {:message=>"Switched database connection", :connection_name=>"main"}
2022-12-09T06:21:15.504Z: {:message=>"Checking state of dynamic postgres partitions", :table_name=>"verification_codes"}
2022-12-09T06:21:15.516Z: {:message=>"Finished sync of dynamic postgres partitions"}
2022-12-09T06:21:15.516Z: {:message=>"Switched database connection", :connection_name=>"main"}
2022-12-09T06:21:15.521Z: {:message=>"Switched database connection", :connection_name=>"main"}
2022-12-09T06:21:15.536Z: {:message=>"Switched database connection", :connection_name=>"main"}
2022-12-09T06:40:35.802Z: Ci::StuckBuilds::DropScheduledService: Cleaning scheduled, timed-out builds
2022-12-09T07:00:18.464Z: Ci::StuckBuilds::DropPendingService: Cleaning pending timed-out builds
2022-12-09T07:20:21.713Z: Ci::StuckBuilds::DropRunningService: Cleaning running, timed-out builds
2022-12-09T07:40:18.662Z: Ci::StuckBuilds::DropScheduledService: Cleaning scheduled, timed-out builds
2022-12-09T08:00:10.907Z: Ci::StuckBuilds::DropPendingService: Cleaning pending timed-out builds
2022-12-09T08:20:17.029Z: Ci::StuckBuilds::DropRunningService: Cleaning running, timed-out builds
2022-12-09T08:40:13.122Z: Ci::StuckBuilds::DropScheduledService: Cleaning scheduled, timed-out builds
2022-12-09T09:00:01.792Z: Ci::StuckBuilds::DropPendingService: Cleaning pending timed-out builds
2022-12-09T09:20:06.474Z: Ci::StuckBuilds::DropRunningService: Cleaning running, timed-out builds
2022-12-09T09:40:03.059Z: Ci::StuckBuilds::DropScheduledService: Cleaning scheduled, timed-out builds
2022-12-09T10:00:28.580Z: Ci::StuckBuilds::DropPendingService: Cleaning pending timed-out builds
2022-12-09T10:20:31.074Z: Ci::StuckBuilds::DropRunningService: Cleaning running, timed-out builds
2022-12-09T10:40:28.869Z: Ci::StuckBuilds::DropScheduledService: Cleaning scheduled, timed-out builds
