2023/03/24 13:24:52 [emerg] 9#9: host not found in upstream "php-fpm-81" in /etc/nginx/sites-available/bbs.liaofeng.test.conf:25
2023/03/24 13:53:18 [emerg] 9#9: host not found in upstream "php-fpm-81" in /etc/nginx/sites-available/bbs.liaofeng.test.conf:25
2023/03/24 13:54:46 [emerg] 9#9: host not found in upstream "php-fpm-80" in /etc/nginx/sites-available/disputes.liaofeng.test.conf:24
2023/04/15 14:32:01 [warn] 47#47: conflicting server name "localhost" on 0.0.0.0:80, ignored
2023/04/15 14:33:15 [warn] 53#53: conflicting server name "localhost" on 0.0.0.0:80, ignored
2023/04/15 14:33:15 [notice] 53#53: signal process started
2023/04/15 15:02:46 [notice] 72#72: signal process started
2023/04/15 15:05:53 [warn] 83#83: conflicting server name "localhost" on 0.0.0.0:80, ignored
2023/04/15 15:05:55 [warn] 89#89: conflicting server name "localhost" on 0.0.0.0:80, ignored
2023/04/15 15:05:55 [notice] 89#89: signal process started
2023/04/15 15:06:57 [notice] 99#99: signal process started
2023/04/15 15:18:49 [emerg] 110#110: cannot load certificate "/etc/nginx/ssl/server.crt": BIO_new_file() failed (SSL: error:80000002:system library::No such file or directory:calling fopen(/etc/nginx/ssl/server.crt, r) error:10000080:BIO routines::no such file)
2023/04/15 15:21:30 [emerg] 116#116: cannot load certificate key "/etc/nginx/ssl/server.key": PEM_read_bio_PrivateKey() failed (SSL: error:1C800064:Provider routines::bad decrypt error:11800074:PKCS12 routines::pkcs12 cipherfinal error:maybe wrong password error:1C800064:Provider routines::bad decrypt error:11800074:PKCS12 routines::pkcs12 cipherfinal error:maybe wrong password)
2023/04/15 15:21:48 [notice] 128#128: signal process started
Enter PEM pass phrase:
Enter PEM pass phrase:
2023/04/15 15:21:52 [emerg] 9#9: cannot load certificate key "/etc/nginx/ssl/server.key": PEM_read_bio_PrivateKey() failed (SSL: error:1400006B:UI routines::processing error:while reading strings error:0480006D:PEM routines::problems getting password error:07880109:common libcrypto routines::interrupted or cancelled error:07880109:common libcrypto routines::interrupted or cancelled error:1C80009F:Provider routines::unable to get passphrase error:1400006B:UI routines::processing error:while reading strings error:0480006D:PEM routines::problems getting password error:07880109:common libcrypto routines::interrupted or cancelled error:04800068:PEM routines::bad password read)
2023/04/15 15:36:47 [emerg] 135#135: no "ssl_certificate" is defined for the "listen ... ssl" directive in /etc/nginx/sites-available/default.ssl.conf:1
2023/04/15 15:37:24 [emerg] 141#141: cannot load certificate key "/etc/nginx/ssl/server.key": PEM_read_bio_PrivateKey() failed (SSL: error:1C800064:Provider routines::bad decrypt error:11800074:PKCS12 routines::pkcs12 cipherfinal error:maybe wrong password error:1C800064:Provider routines::bad decrypt error:11800074:PKCS12 routines::pkcs12 cipherfinal error:maybe wrong password)
2023/04/15 15:37:34 [emerg] 147#147: cannot load certificate key "/etc/nginx/ssl/server.key": PEM_read_bio_PrivateKey() failed (SSL: error:1C800064:Provider routines::bad decrypt error:11800074:PKCS12 routines::pkcs12 cipherfinal error:empty password error:1C800064:Provider routines::bad decrypt error:11800074:PKCS12 routines::pkcs12 cipherfinal error:empty password)
2023/04/15 15:37:42 [emerg] 153#153: cannot load certificate key "/etc/nginx/ssl/server.key": PEM_read_bio_PrivateKey() failed (SSL: error:1C800064:Provider routines::bad decrypt error:11800074:PKCS12 routines::pkcs12 cipherfinal error:empty password error:1C800064:Provider routines::bad decrypt error:11800074:PKCS12 routines::pkcs12 cipherfinal error:empty password)
2023/04/15 15:37:48 [notice] 159#159: signal process started
Enter PEM pass phrase:
Enter PEM pass phrase:
2023/04/15 15:37:49 [emerg] 9#9: cannot load certificate key "/etc/nginx/ssl/server.key": PEM_read_bio_PrivateKey() failed (SSL: error:1400006B:UI routines::processing error:while reading strings error:0480006D:PEM routines::problems getting password error:07880109:common libcrypto routines::interrupted or cancelled error:07880109:common libcrypto routines::interrupted or cancelled error:1C80009F:Provider routines::unable to get passphrase error:1400006B:UI routines::processing error:while reading strings error:0480006D:PEM routines::problems getting password error:07880109:common libcrypto routines::interrupted or cancelled error:04800068:PEM routines::bad password read)
2023/04/15 15:39:09 [notice] 165#165: signal process started
2023/04/15 15:39:12 [notice] 175#175: signal process started
2023/04/15 15:41:59 [notice] 191#191: signal process started
Enter PEM pass phrase:
Enter PEM pass phrase:
2023/04/15 15:42:02 [emerg] 9#9: cannot load certificate key "/etc/nginx/ssl/default.key": PEM_read_bio_PrivateKey() failed (SSL: error:1400006B:UI routines::processing error:while reading strings error:0480006D:PEM routines::problems getting password error:07880109:common libcrypto routines::interrupted or cancelled error:07880109:common libcrypto routines::interrupted or cancelled error:1C80009F:Provider routines::unable to get passphrase error:1400006B:UI routines::processing error:while reading strings error:0480006D:PEM routines::problems getting password error:07880109:common libcrypto routines::interrupted or cancelled error:04800068:PEM routines::bad password read)
2023/04/17 01:29:38 [emerg] 9#9: cannot load certificate key "/etc/nginx/ssl/default.key": PEM_read_bio_PrivateKey() failed (SSL: error:1400006B:UI routines::processing error:while reading strings error:0480006D:PEM routines::problems getting password error:07880109:common libcrypto routines::interrupted or cancelled error:07880109:common libcrypto routines::interrupted or cancelled error:1C80009F:Provider routines::unable to get passphrase error:1400006B:UI routines::processing error:while reading strings error:0480006D:PEM routines::problems getting password error:07880109:common libcrypto routines::interrupted or cancelled error:04800068:PEM routines::bad password read)
2023/04/21 02:05:07 [notice] 142#142: signal process started
2023/06/14 03:21:23 [notice] 40#40: signal process started
2023/08/08 03:53:25 [notice] 157#157: signal process started
2023/08/08 04:04:37 [emerg] 169#169: cannot load certificate "/etc/nginx/certificate.crt": BIO_new_file() failed (SSL: error:80000002:system library::No such file or directory:calling fopen(/etc/nginx/certificate.crt, r) error:10000080:BIO routines::no such file)
2023/08/08 04:05:28 [emerg] 175#175: cannot load certificate "/etc/nginx/certificate.crt": BIO_new_file() failed (SSL: error:80000002:system library::No such file or directory:calling fopen(/etc/nginx/certificate.crt, r) error:10000080:BIO routines::no such file)
2023/08/08 04:06:10 [emerg] 181#181: cannot load certificate "/etc/nginx/certificate.crt": BIO_new_file() failed (SSL: error:80000002:system library::No such file or directory:calling fopen(/etc/nginx/certificate.crt, r) error:10000080:BIO routines::no such file)
2023/08/08 04:06:15 [emerg] 187#187: cannot load certificate "/etc/nginx/certificate.crt": BIO_new_file() failed (SSL: error:80000002:system library::No such file or directory:calling fopen(/etc/nginx/certificate.crt, r) error:10000080:BIO routines::no such file)
2023/08/08 04:06:18 [emerg] 193#193: cannot load certificate "/etc/nginx/certificate.crt": BIO_new_file() failed (SSL: error:80000002:system library::No such file or directory:calling fopen(/etc/nginx/certificate.crt, r) error:10000080:BIO routines::no such file)
2023/08/08 04:06:20 [emerg] 199#199: cannot load certificate "/etc/nginx/certificate.crt": BIO_new_file() failed (SSL: error:80000002:system library::No such file or directory:calling fopen(/etc/nginx/certificate.crt, r) error:10000080:BIO routines::no such file)
2023/08/08 04:07:00 [notice] 223#223: signal process started
2023/08/08 04:50:17 [notice] 242#242: signal process started
2023/08/08 04:51:47 [notice] 252#252: signal process started
2023/08/08 06:10:02 [notice] 275#275: signal process started
2023/09/05 07:46:54 [emerg] 13#13: cannot load certificate "/etc/nginx/ssl/certificate.crt": BIO_new_file() failed (SSL: error:02001002:system library:fopen:No such file or directory:fopen('/etc/nginx/ssl/certificate.crt','r') error:2006D080:BIO routines:BIO_new_file:no such file)
2023/09/05 08:03:05 [emerg] 9#9: cannot load certificate "/etc/nginx/ssl/certificate.crt": BIO_new_file() failed (SSL: error:02001002:system library:fopen:No such file or directory:fopen('/etc/nginx/ssl/certificate.crt','r') error:2006D080:BIO routines:BIO_new_file:no such file)
2023/09/05 08:08:14 [emerg] 9#9: cannot load certificate "/etc/nginx/ssl/certificate2.crt": BIO_new_file() failed (SSL: error:02001002:system library:fopen:No such file or directory:fopen('/etc/nginx/ssl/certificate2.crt','r') error:2006D080:BIO routines:BIO_new_file:no such file)
2023/10/17 02:21:10 [notice] 149#149: signal process started
2023/10/17 02:25:09 [emerg] 177#177: unexpected "}" in /etc/nginx/sites-available/hermes.liaofeng.test.conf:57
2023/10/17 02:26:38 [notice] 189#189: signal process started
2023/10/27 02:35:08 [notice] 383#383: signal process started
2023/10/27 04:37:31 [emerg] 16#16: a duplicate default server for 0.0.0.0:80 in /etc/nginx/sites-available/dev-bi-frontend-xgrit.lfsz.codefriend.test.conf:3
2023/10/27 04:37:55 [warn] 22#22: conflicting server name "dev-bi-frontend-xgrit.lfsz.codefriend.test" on 0.0.0.0:80, ignored
2023/10/27 04:37:55 [warn] 22#22: conflicting server name "dev-bi-frontend-xgrit.lfsz.codefriend.test" on [::]:80, ignored
2023/10/27 04:38:55 [warn] 28#28: conflicting server name "dev-bi-frontend-xgrit.lfsz.codefriend.test" on 0.0.0.0:80, ignored
2023/10/27 04:38:55 [warn] 28#28: conflicting server name "dev-bi-frontend-xgrit.lfsz.codefriend.test" on [::]:80, ignored
2023/10/27 04:38:55 [notice] 28#28: signal process started
2023/10/27 04:43:50 [notice] 44#44: signal process started
2023/10/27 06:21:53 [emerg] 63#63: duplicate location "/" in /etc/nginx/sites-available/analysis.liaofeng.test.conf:31
2023/10/27 06:22:22 [notice] 75#75: signal process started
2023/10/27 06:27:39 [emerg] 86#86: host not found in upstream "dev-lf-analysis.lfsz.codefriend.test" in /etc/nginx/sites-available/dev-bi-frontend-xgrit.lfsz.codefriend.test.conf:25
2023/10/27 06:27:42 [emerg] 92#92: host not found in upstream "dev-lf-analysis.lfsz.codefriend.test" in /etc/nginx/sites-available/dev-bi-frontend-xgrit.lfsz.codefriend.test.conf:25
2023/10/27 06:29:18 [notice] 110#110: signal process started
2023/10/27 07:19:02 [emerg] 125#125: host not found in upstream "dev-lf-analysis.lfsz.codefriend.test" in /etc/nginx/sites-available/dev-bi-frontend-xgrit.lfsz.codefriend.test.conf:25
2023/10/27 07:22:33 [emerg] 132#132: invalid URL prefix in /etc/nginx/sites-available/dev-bi-frontend-xgrit.lfsz.codefriend.test.conf:27
2023/10/27 07:22:54 [notice] 138#138: signal process started
2023/11/28 09:25:30 [notice] 14#14: signal process started
2023/12/08 03:52:08 [notice] 21#21: signal process started
2023/12/08 04:02:11 [notice] 33#33: signal process started
2023/12/08 04:07:59 [notice] 43#43: signal process started
2024/01/08 03:41:57 [emerg] 9#9: host not found in upstream "analysis.frp.codefriend.top" in /etc/nginx/sites-available/dev-bi-frontend-xgrit.lfsz.codefriend.test.conf:27
2024/02/04 02:18:39 [notice] 2220#2220: signal process started
2024/04/28 02:01:56 [emerg] 9#9: host not found in upstream "analysis.frp.codefriend.top" in /etc/nginx/sites-available/dev-bi-frontend-xgrit.lfsz.codefriend.test.conf:27
